------------------------
|1. Registrar cliente                        |
|2. Enviar mensaje                           |
|3. Descomposicion numeros primos            |
|4. salir                                    |
------------------------
Elija una opcion del menu
==> Elija una opcion del menu
==> ------------------------
|1. Registrar cliente                        |
|2. Enviar mensaje                           |
|3. Descomposicion numeros primos            |
|4. salir                                    |
------------------------
Elija una opcion del menu
==> Elija una opcion del menu
==> ------------------------
|1. Registrar cliente                        |
|2. Enviar mensaje                           |
|3. Descomposicion numeros primos            |
|4. salir                                    |
------------------------
Elija una opcion del menu
==> Elija una opcion del menu
==> ------------------------
|1. Registrar cliente                        |
|2. Enviar mensaje                           |
|3. Descomposicion numeros primos            |
|4. salir                                    |
------------------------
Elija una opcion del menu
==> Elija una opcion del menu
==> ------------------------
|1. Registrar cliente                        |
|2. Enviar mensaje                           |
|3. Descomposicion numeros primos            |
|4. salir                                    |
------------------------
Elija una opcion del menu
==> ------------------------
|1. Registrar cliente                        |
|2. Enviar mensaje                           |
|3. Descomposicion numeros primos            |
|4. salir                                    |
------------------------
Elija una opcion del menu
==> Elija una opcion del menu
==> Elija una opcion del menu
==> ------------------------
|1. Registrar cliente                        |
|2. Enviar mensaje                           |
|3. Descomposicion numeros primos            |
|4. salir                                    |
------------------------
Elija una opcion del menu
==> ------------------------
|1. Registrar cliente                        |
|2. Enviar mensaje                           |
|3. Descomposicion numeros primos            |
|4. salir                                    |
------------------------
Elija una opcion del menu
==> Elija una opcion del menu
==> Elija una opcion del menu
==> ------------------------
|1. Registrar cliente                        |
|2. Enviar mensaje                           |
|3. Descomposicion numeros primos            |
|4. salir                                    |
------------------------
Elija una opcion del menu
==> Elija una opcion del menu
==> ------------------------
|1. Registrar cliente                        |
|2. Enviar mensaje                           |
|3. Descomposicion numeros primos            |
|4. salir                                    |
------------------------
Elija una opcion del menu
==> ------------------------
|1. Registrar cliente                        |
|2. Enviar mensaje                           |
|3. Descomposicion numeros primos            |
|4. salir                                    |
------------------------
Elija una opcion del menu
==> Elija una opcion del menu
==> ------------------------
|1. Registrar cliente                        |
|2. Enviar mensaje                           |
|3. Descomposicion numeros primos            |
|4. salir                                    |
------------------------
Elija una opcion del menu
==> ------------------------
|1. Registrar cliente                        |
|2. Enviar mensaje                           |
|3. Descomposicion numeros primos            |
|4. salir                                    |
------------------------
Elija una opcion del menu
==> Elija una opcion del menu
==> Elija una opcion del menu
==> Elija una opcion del menu
==> ------------------------
|1. Registrar cliente                        |
|2. Enviar mensaje                           |
|3. Descomposicion numeros primos            |
|4. salir                                    |
------------------------
Elija una opcion del menu
==> ------------------------Elija una opcion del menu
==> 
|1. Registrar cliente                        |------------------------
|1. Registrar cliente                        |
|2. Enviar mensaje                           |
|3. Descomposicion numeros primos            |
|4. salir                                    |
------------------------
Elija una opcion del menu
==> 
|2. Enviar mensaje                           |
|3. Descomposicion numeros primos            |
|4. salir                                    |
------------------------
Elija una opcion del menu
==> ------------------------
|1. Registrar cliente                        |
|2. Enviar mensaje                           |
|3. Descomposicion numeros primos            |
|4. salir                                    |
------------------------
Elija una opcion del menu
==> ------------------------
|1. Registrar cliente                        |
|2. Enviar mensaje                           |
|3. Descomposicion numeros primos            |
|4. salir                                    |
------------------------
Elija una opcion del menu
==> Elija una opcion del menu
==> Elija una opcion del menu
==> Elija una opcion del menu
==> Elija una opcion del menu
==> ------------------------
|1. Registrar cliente                        |
|2. Enviar mensaje                           |
|3. Descomposicion numeros primos            |
|4. salir                                    |
------------------------
Elija una opcion del menu
==> ------------------------
|1. Registrar cliente                        |
|2. Enviar mensaje                           |
|3. Descomposicion numeros primos            |
|4. salir                                    |
------------------------
Elija una opcion del menu
==> Elija una opcion del menu
==> ------------------------
|1. Registrar cliente                        |
|2. Enviar mensaje                           |
|3. Descomposicion numeros primos            |
|4. salir                                    |
------------------------
Elija una opcion del menu
==> Elija una opcion del menu
==> Elija una opcion del menu
==> ------------------------
|1. Registrar cliente                        |
|2. Enviar mensaje                           |
|3. Descomposicion numeros primos            |
|4. salir                                    |
------------------------
Elija una opcion del menu
==> ------------------------
|1. Registrar cliente                        |
|2. Enviar mensaje                           |
|3. Descomposicion numeros primos            |
|4. salir                                    |
------------------------
Elija una opcion del menu
==> Elija una opcion del menu
==> Elija una opcion del menu
==> Elija una opcion del menu
==> Elija una opcion del menu
==> Elija una opcion del menu
==> Elija una opcion del menu
==> ------------------------
|1. Registrar cliente                        |
|2. Enviar mensaje                           |
|3. Descomposicion numeros primos            |
|4. salir                                    |
------------------------
Elija una opcion del menu
==> ------------------------
|1. Registrar cliente                        |
|2. Enviar mensaje                           |
|3. Descomposicion numeros primos            |
|4. salir                                    |
------------------------
Elija una opcion del menu
==> ------------------------
|1. Registrar cliente                        |
|2. Enviar mensaje                           |
|3. Descomposicion numeros primos            |
|4. salir                                    |
------------------------
Elija una opcion del menu
==> ------------------------
|1. Registrar cliente                        |
|2. Enviar mensaje                           |
|3. Descomposicion numeros primos            |
|4. salir                                    |
------------------------
Elija una opcion del menu
==> Elija una opcion del menu
==> Elija una opcion del menu
==> Elija una opcion del menu
==> ------------------------
|1. Registrar cliente                        |
|2. Enviar mensaje                           |
|3. Descomposicion numeros primos            |
|4. salir                                    |
------------------------
Elija una opcion del menu
==> ------------------------
|1. Registrar cliente                        |
|2. Enviar mensaje                           |
|3. Descomposicion numeros primos            |
|4. salir                                    |
------------------------
Elija una opcion del menu
==> Elija una opcion del menu
==> Elija una opcion del menu
==> Elija una opcion del menu
==> Elija una opcion del menu
==> Elija una opcion del menu
==> Elija una opcion del menu
==> Elija una opcion del menu
==> Elija una opcion del menu
==> Elija una opcion del menu
==> Elija una opcion del menu
==> ------------------------
|1. Registrar cliente                        |
|2. Enviar mensaje                           |
|3. Descomposicion numeros primos            |
|4. salir                                    |
------------------------
Elija una opcion del menu
==> ------------------------
|1. Registrar cliente                        |
|2. Enviar mensaje                           |
|3. Descomposicion numeros primos            |
|4. salir                                    |
------------------------
Elija una opcion del menu
==> Elija una opcion del menu
==> Elija una opcion del menu
==> Elija una opcion del menu
==> ------------------------
|1. Registrar cliente                        |
|2. Enviar mensaje                           |
|3. Descomposicion numeros primos            |
|4. salir                                    |
------------------------
Elija una opcion del menu
==> Elija una opcion del menu
==> Elija una opcion del menu
==> ------------------------
|1. Registrar cliente                        |
|2. Enviar mensaje                           |
|3. Descomposicion numeros primos            |
|4. salir                                    |
------------------------
Elija una opcion del menu
==> ------------------------
|1. Registrar cliente                        |
|2. Enviar mensaje                           |
|3. Descomposicion numeros primos            |
|4. salir                                    |
------------------------
Elija una opcion del menu
==> ------------------------
|1. Registrar cliente                        |
|2. Enviar mensaje                           |
|3. Descomposicion numeros primos            |
|4. salir                                    |
------------------------
Elija una opcion del menu
==> Elija una opcion del menu
==> ------------------------
|1. Registrar cliente                        |
|2. Enviar mensaje                           |
Elija una opcion del menu|3. Descomposicion numeros primos            |
|4. salir                                    |
------------------------
Elija una opcion del menu
==> 
==> Elija una opcion del menu
==> Elija una opcion del menu
==> ------------------------
|1. Registrar cliente                        |
|2. Enviar mensaje                           |
|3. Descomposicion numeros primos            |
|4. salir                                    |
------------------------
Elija una opcion del menu
==> Elija una opcion del menu
==> Elija una opcion del menu
==> Elija una opcion del menuElija una opcion del menu
==> 
==> Elija una opcion del menuElija una opcion del menu
==> Elija una opcion del menu
==> Elija una opcion del menu
==> Elija una opcion del menu
==> Elija una opcion del menu
==> Elija una opcion del menu
==> Elija una opcion del menu
==> 
==> Elija una opcion del menu
==> Elija una opcion del menu
==> Elija una opcion del menu
------------------------
|1. Registrar cliente                        |
|2. Enviar mensaje                           |
|3. Descomposicion numeros primos            |
|4. salir                                    |
------------------------
Elija una opcion del menu
==> ==> Elija una opcion del menu
==> Elija una opcion del menu
==> Elija una opcion del menu
==> Elija una opcion del menu
==> Elija una opcion del menu
==> Elija una opcion del menu
==> ------------------------
|1. Registrar cliente                        |
|2. Enviar mensaje                           |
|3. Descomposicion numeros primos            |
|4. salir                                    |
------------------------
Elija una opcion del menu
==> Elija una opcion del menu
==> Elija una opcion del menu
==> ------------------------
|1. Registrar cliente                        |
|2. Enviar mensaje                           |
|3. Descomposicion numeros primos            |
|4. salir                                    |
------------------------
Elija una opcion del menu
==> Elija una opcion del menu
==> Elija una opcion del menu
==> ------------------------
|1. Registrar cliente                        |
|2. Enviar mensaje                           |
|3. Descomposicion numeros primos            |
|4. salir                                    |
------------------------
Elija una opcion del menu
==> Elija una opcion del menu
==> Elija una opcion del menu
==> Elija una opcion del menu
==> Elija una opcion del menu
==> Elija una opcion del menu
==> Elija una opcion del menu
==> Elija una opcion del menu
==> 